<?xml version="1.0" encoding="UTF-8"?>
<testng-results skipped="0" failed="0" ignored="0" total="0" passed="0">
  <reporter-output>
  </reporter-output>
  <suite name="Default suite" duration-ms="33" started-at="2020-07-02T16:32:06 BST" finished-at="2020-07-02T16:32:06 BST">
    <groups>
    </groups>
    <test name="Default test" duration-ms="33" started-at="2020-07-02T16:32:06 BST" finished-at="2020-07-02T16:32:06 BST">
    </test> <!-- Default test -->
  </suite> <!-- Default suite -->
</testng-results>
